<?xml version="1.0" encoding="UTF-8"?>
<!-- Generated by org.testng.reporters.JUnitReportReporter -->
<testsuite hostname="DESKTOP-00JCRSR" failures="0" tests="1" name="testcases.Searchflight_Test" time="130.063" errors="0" timestamp="2024-02-11T13:54:34 IST" skipped="0">
  <testcase classname="testcases.Searchflight_Test" name="SearchFlightOnewWayTrip" time="130.063"/>
</testsuite> <!-- testcases.Searchflight_Test -->
