<?xml version="1.0" encoding="UTF-8"?>
<!-- Generated by org.testng.reporters.JUnitReportReporter -->
<testsuite hostname="DESKTOP-00JCRSR" failures="0" tests="1" name="testcases.TC_001_Countryselectiontest" time="145.807" errors="0" timestamp="2024-01-09T18:14:43 IST" skipped="0">
  <testcase classname="testcases.TC_001_Countryselectiontest" name="countryselection" time="145.807"/>
</testsuite> <!-- testcases.TC_001_Countryselectiontest -->
